Started GET "/" for 127.0.0.1 at 2025-02-09 12:54:44 -0500
Processing by Rails::WelcomeController#index as */*
  Rendering /home/bert/.rbenv/versions/3.4.1/lib/ruby/gems/3.4.0/gems/railties-8.0.1/lib/rails/templates/rails/welcome/index.html.erb
  Rendered /home/bert/.rbenv/versions/3.4.1/lib/ruby/gems/3.4.0/gems/railties-8.0.1/lib/rails/templates/rails/welcome/index.html.erb (Duration: 0.9ms | GC: 0.0ms)
Completed 200 OK in 29ms (Views: 5.2ms | GC: 0.0ms)


Started GET "/" for 127.0.0.1 at 2025-02-09 12:54:45 -0500
Processing by Rails::WelcomeController#index as */*
  Rendering /home/bert/.rbenv/versions/3.4.1/lib/ruby/gems/3.4.0/gems/railties-8.0.1/lib/rails/templates/rails/welcome/index.html.erb
  Rendered /home/bert/.rbenv/versions/3.4.1/lib/ruby/gems/3.4.0/gems/railties-8.0.1/lib/rails/templates/rails/welcome/index.html.erb (Duration: 0.3ms | GC: 0.0ms)
Completed 200 OK in 9ms (Views: 7.5ms | GC: 6.0ms)


Started GET "/" for 127.0.0.1 at 2025-02-09 12:54:45 -0500
Processing by Rails::WelcomeController#index as */*
  Rendering /home/bert/.rbenv/versions/3.4.1/lib/ruby/gems/3.4.0/gems/railties-8.0.1/lib/rails/templates/rails/welcome/index.html.erb
  Rendered /home/bert/.rbenv/versions/3.4.1/lib/ruby/gems/3.4.0/gems/railties-8.0.1/lib/rails/templates/rails/welcome/index.html.erb (Duration: 0.2ms | GC: 0.0ms)
Completed 200 OK in 1ms (Views: 1.0ms | GC: 0.0ms)


Started GET "/" for 127.0.0.1 at 2025-02-09 12:59:50 -0500
Processing by Rails::WelcomeController#index as */*
  Rendering /home/bert/.rbenv/versions/3.4.1/lib/ruby/gems/3.4.0/gems/railties-8.0.1/lib/rails/templates/rails/welcome/index.html.erb
  Rendered /home/bert/.rbenv/versions/3.4.1/lib/ruby/gems/3.4.0/gems/railties-8.0.1/lib/rails/templates/rails/welcome/index.html.erb (Duration: 0.8ms | GC: 0.0ms)
Completed 200 OK in 29ms (Views: 6.3ms | GC: 0.0ms)


Started GET "/" for 127.0.0.1 at 2025-02-09 12:59:51 -0500
Processing by Rails::WelcomeController#index as */*
  Rendering /home/bert/.rbenv/versions/3.4.1/lib/ruby/gems/3.4.0/gems/railties-8.0.1/lib/rails/templates/rails/welcome/index.html.erb
  Rendered /home/bert/.rbenv/versions/3.4.1/lib/ruby/gems/3.4.0/gems/railties-8.0.1/lib/rails/templates/rails/welcome/index.html.erb (Duration: 0.2ms | GC: 0.0ms)
Completed 200 OK in 4ms (Views: 3.1ms | GC: 2.0ms)


Started GET "/" for 127.0.0.1 at 2025-02-09 12:59:51 -0500
Processing by Rails::WelcomeController#index as */*
  Rendering /home/bert/.rbenv/versions/3.4.1/lib/ruby/gems/3.4.0/gems/railties-8.0.1/lib/rails/templates/rails/welcome/index.html.erb
  Rendered /home/bert/.rbenv/versions/3.4.1/lib/ruby/gems/3.4.0/gems/railties-8.0.1/lib/rails/templates/rails/welcome/index.html.erb (Duration: 0.2ms | GC: 0.0ms)
Completed 200 OK in 3ms (Views: 2.9ms | GC: 1.9ms)


Started GET "/" for 127.0.0.1 at 2025-02-09 13:01:19 -0500
Processing by Rails::WelcomeController#index as */*
  Rendering /home/bert/.rbenv/versions/3.4.1/lib/ruby/gems/3.4.0/gems/railties-8.0.1/lib/rails/templates/rails/welcome/index.html.erb
  Rendered /home/bert/.rbenv/versions/3.4.1/lib/ruby/gems/3.4.0/gems/railties-8.0.1/lib/rails/templates/rails/welcome/index.html.erb (Duration: 0.6ms | GC: 0.0ms)
Completed 200 OK in 28ms (Views: 4.9ms | GC: 0.0ms)


Started GET "/" for 127.0.0.1 at 2025-02-09 13:01:20 -0500
Processing by Rails::WelcomeController#index as */*
  Rendering /home/bert/.rbenv/versions/3.4.1/lib/ruby/gems/3.4.0/gems/railties-8.0.1/lib/rails/templates/rails/welcome/index.html.erb
  Rendered /home/bert/.rbenv/versions/3.4.1/lib/ruby/gems/3.4.0/gems/railties-8.0.1/lib/rails/templates/rails/welcome/index.html.erb (Duration: 1.6ms | GC: 1.5ms)
Completed 200 OK in 3ms (Views: 2.1ms | GC: 1.5ms)


Started GET "/" for 127.0.0.1 at 2025-02-09 13:01:20 -0500
Processing by Rails::WelcomeController#index as */*
  Rendering /home/bert/.rbenv/versions/3.4.1/lib/ruby/gems/3.4.0/gems/railties-8.0.1/lib/rails/templates/rails/welcome/index.html.erb
  Rendered /home/bert/.rbenv/versions/3.4.1/lib/ruby/gems/3.4.0/gems/railties-8.0.1/lib/rails/templates/rails/welcome/index.html.erb (Duration: 0.1ms | GC: 0.0ms)
Completed 200 OK in 2ms (Views: 1.5ms | GC: 0.0ms)


Started GET "/" for 127.0.0.1 at 2025-02-09 13:20:39 -0500
Processing by Rails::WelcomeController#index as */*
  Rendering /home/bert/.rbenv/versions/3.4.1/lib/ruby/gems/3.4.0/gems/railties-8.0.1/lib/rails/templates/rails/welcome/index.html.erb
  Rendered /home/bert/.rbenv/versions/3.4.1/lib/ruby/gems/3.4.0/gems/railties-8.0.1/lib/rails/templates/rails/welcome/index.html.erb (Duration: 1.0ms | GC: 0.0ms)
Completed 200 OK in 27ms (Views: 5.1ms | GC: 0.1ms)


Started GET "/" for 127.0.0.1 at 2025-02-09 13:20:39 -0500
Processing by Rails::WelcomeController#index as */*
  Rendering /home/bert/.rbenv/versions/3.4.1/lib/ruby/gems/3.4.0/gems/railties-8.0.1/lib/rails/templates/rails/welcome/index.html.erb
  Rendered /home/bert/.rbenv/versions/3.4.1/lib/ruby/gems/3.4.0/gems/railties-8.0.1/lib/rails/templates/rails/welcome/index.html.erb (Duration: 0.4ms | GC: 0.0ms)
Completed 200 OK in 2ms (Views: 1.5ms | GC: 0.0ms)


Started GET "/" for 127.0.0.1 at 2025-02-09 13:32:37 -0500
Processing by Rails::WelcomeController#index as */*
  Rendering /home/bert/.rbenv/versions/3.4.1/lib/ruby/gems/3.4.0/gems/railties-8.0.1/lib/rails/templates/rails/welcome/index.html.erb
  Rendered /home/bert/.rbenv/versions/3.4.1/lib/ruby/gems/3.4.0/gems/railties-8.0.1/lib/rails/templates/rails/welcome/index.html.erb (Duration: 0.7ms | GC: 0.0ms)
Completed 200 OK in 22ms (Views: 4.3ms | GC: 0.5ms)


Started GET "/" for 127.0.0.1 at 2025-02-09 13:32:37 -0500
Processing by Rails::WelcomeController#index as */*
  Rendering /home/bert/.rbenv/versions/3.4.1/lib/ruby/gems/3.4.0/gems/railties-8.0.1/lib/rails/templates/rails/welcome/index.html.erb
  Rendered /home/bert/.rbenv/versions/3.4.1/lib/ruby/gems/3.4.0/gems/railties-8.0.1/lib/rails/templates/rails/welcome/index.html.erb (Duration: 0.1ms | GC: 0.0ms)
Completed 200 OK in 1ms (Views: 0.7ms | GC: 0.0ms)


Started GET "/" for 127.0.0.1 at 2025-02-09 13:32:56 -0500
Processing by Rails::WelcomeController#index as */*
  Rendering /home/bert/.rbenv/versions/3.4.1/lib/ruby/gems/3.4.0/gems/railties-8.0.1/lib/rails/templates/rails/welcome/index.html.erb
  Rendered /home/bert/.rbenv/versions/3.4.1/lib/ruby/gems/3.4.0/gems/railties-8.0.1/lib/rails/templates/rails/welcome/index.html.erb (Duration: 0.7ms | GC: 0.0ms)
Completed 200 OK in 23ms (Views: 4.7ms | GC: 0.0ms)


Started GET "/" for 127.0.0.1 at 2025-02-09 13:32:56 -0500
Processing by Rails::WelcomeController#index as */*
  Rendering /home/bert/.rbenv/versions/3.4.1/lib/ruby/gems/3.4.0/gems/railties-8.0.1/lib/rails/templates/rails/welcome/index.html.erb
  Rendered /home/bert/.rbenv/versions/3.4.1/lib/ruby/gems/3.4.0/gems/railties-8.0.1/lib/rails/templates/rails/welcome/index.html.erb (Duration: 0.2ms | GC: 0.0ms)
Completed 200 OK in 2ms (Views: 1.0ms | GC: 0.0ms)


Started GET "/" for 127.0.0.1 at 2025-02-09 13:35:24 -0500
Processing by Rails::WelcomeController#index as */*
  Rendering /home/bert/.rbenv/versions/3.4.1/lib/ruby/gems/3.4.0/gems/railties-8.0.1/lib/rails/templates/rails/welcome/index.html.erb
  Rendered /home/bert/.rbenv/versions/3.4.1/lib/ruby/gems/3.4.0/gems/railties-8.0.1/lib/rails/templates/rails/welcome/index.html.erb (Duration: 0.9ms | GC: 0.0ms)
Completed 200 OK in 30ms (Views: 6.0ms | GC: 0.0ms)


Started GET "/" for 127.0.0.1 at 2025-02-09 13:35:25 -0500
Processing by Rails::WelcomeController#index as */*
  Rendering /home/bert/.rbenv/versions/3.4.1/lib/ruby/gems/3.4.0/gems/railties-8.0.1/lib/rails/templates/rails/welcome/index.html.erb
  Rendered /home/bert/.rbenv/versions/3.4.1/lib/ruby/gems/3.4.0/gems/railties-8.0.1/lib/rails/templates/rails/welcome/index.html.erb (Duration: 0.2ms | GC: 0.0ms)
Completed 200 OK in 2ms (Views: 1.0ms | GC: 0.0ms)


Started GET "/" for 127.0.0.1 at 2025-02-09 13:35:25 -0500
Processing by Rails::WelcomeController#index as */*
  Rendering /home/bert/.rbenv/versions/3.4.1/lib/ruby/gems/3.4.0/gems/railties-8.0.1/lib/rails/templates/rails/welcome/index.html.erb
  Rendered /home/bert/.rbenv/versions/3.4.1/lib/ruby/gems/3.4.0/gems/railties-8.0.1/lib/rails/templates/rails/welcome/index.html.erb (Duration: 0.3ms | GC: 0.0ms)
Completed 200 OK in 1ms (Views: 0.9ms | GC: 0.0ms)


Started GET "/" for 127.0.0.1 at 2025-02-09 13:46:14 -0500
Processing by Rails::WelcomeController#index as */*
  Rendering /home/bert/.rbenv/versions/3.4.1/lib/ruby/gems/3.4.0/gems/railties-8.0.1/lib/rails/templates/rails/welcome/index.html.erb
  Rendered /home/bert/.rbenv/versions/3.4.1/lib/ruby/gems/3.4.0/gems/railties-8.0.1/lib/rails/templates/rails/welcome/index.html.erb (Duration: 0.7ms | GC: 0.0ms)
Completed 200 OK in 26ms (Views: 6.1ms | GC: 1.7ms)


Started GET "/" for 127.0.0.1 at 2025-02-09 13:46:15 -0500
Processing by Rails::WelcomeController#index as */*
  Rendering /home/bert/.rbenv/versions/3.4.1/lib/ruby/gems/3.4.0/gems/railties-8.0.1/lib/rails/templates/rails/welcome/index.html.erb
  Rendered /home/bert/.rbenv/versions/3.4.1/lib/ruby/gems/3.4.0/gems/railties-8.0.1/lib/rails/templates/rails/welcome/index.html.erb (Duration: 0.2ms | GC: 0.0ms)
Completed 200 OK in 1ms (Views: 0.6ms | GC: 0.0ms)


Started GET "/" for 127.0.0.1 at 2025-02-09 13:46:15 -0500
Processing by Rails::WelcomeController#index as */*
  Rendering /home/bert/.rbenv/versions/3.4.1/lib/ruby/gems/3.4.0/gems/railties-8.0.1/lib/rails/templates/rails/welcome/index.html.erb
  Rendered /home/bert/.rbenv/versions/3.4.1/lib/ruby/gems/3.4.0/gems/railties-8.0.1/lib/rails/templates/rails/welcome/index.html.erb (Duration: 0.1ms | GC: 0.0ms)
Completed 200 OK in 1ms (Views: 0.8ms | GC: 0.0ms)


Started GET "/" for 127.0.0.1 at 2025-02-09 13:46:40 -0500
Processing by Rails::WelcomeController#index as */*
  Rendering /home/bert/.rbenv/versions/3.4.1/lib/ruby/gems/3.4.0/gems/railties-8.0.1/lib/rails/templates/rails/welcome/index.html.erb
  Rendered /home/bert/.rbenv/versions/3.4.1/lib/ruby/gems/3.4.0/gems/railties-8.0.1/lib/rails/templates/rails/welcome/index.html.erb (Duration: 0.7ms | GC: 0.0ms)
Completed 200 OK in 25ms (Views: 5.6ms | GC: 0.2ms)


Started GET "/" for 127.0.0.1 at 2025-02-09 13:46:41 -0500
Processing by Rails::WelcomeController#index as */*
  Rendering /home/bert/.rbenv/versions/3.4.1/lib/ruby/gems/3.4.0/gems/railties-8.0.1/lib/rails/templates/rails/welcome/index.html.erb
  Rendered /home/bert/.rbenv/versions/3.4.1/lib/ruby/gems/3.4.0/gems/railties-8.0.1/lib/rails/templates/rails/welcome/index.html.erb (Duration: 0.2ms | GC: 0.0ms)
Completed 200 OK in 1ms (Views: 0.7ms | GC: 0.0ms)


Started GET "/" for 127.0.0.1 at 2025-02-09 13:47:10 -0500
Processing by Rails::WelcomeController#index as */*
  Rendering /home/bert/.rbenv/versions/3.4.1/lib/ruby/gems/3.4.0/gems/railties-8.0.1/lib/rails/templates/rails/welcome/index.html.erb
  Rendered /home/bert/.rbenv/versions/3.4.1/lib/ruby/gems/3.4.0/gems/railties-8.0.1/lib/rails/templates/rails/welcome/index.html.erb (Duration: 2.6ms | GC: 0.0ms)
Completed 200 OK in 38ms (Views: 11.4ms | GC: 2.5ms)


Started GET "/" for 127.0.0.1 at 2025-02-09 13:47:12 -0500
Processing by Rails::WelcomeController#index as */*
  Rendering /home/bert/.rbenv/versions/3.4.1/lib/ruby/gems/3.4.0/gems/railties-8.0.1/lib/rails/templates/rails/welcome/index.html.erb
  Rendered /home/bert/.rbenv/versions/3.4.1/lib/ruby/gems/3.4.0/gems/railties-8.0.1/lib/rails/templates/rails/welcome/index.html.erb (Duration: 0.3ms | GC: 0.0ms)
Completed 200 OK in 1ms (Views: 0.9ms | GC: 0.0ms)


Started GET "/" for 127.0.0.1 at 2025-02-09 13:47:12 -0500
Processing by Rails::WelcomeController#index as */*
  Rendering /home/bert/.rbenv/versions/3.4.1/lib/ruby/gems/3.4.0/gems/railties-8.0.1/lib/rails/templates/rails/welcome/index.html.erb
  Rendered /home/bert/.rbenv/versions/3.4.1/lib/ruby/gems/3.4.0/gems/railties-8.0.1/lib/rails/templates/rails/welcome/index.html.erb (Duration: 0.1ms | GC: 0.0ms)
Completed 200 OK in 1ms (Views: 1.1ms | GC: 0.0ms)


Started GET "/" for 127.0.0.1 at 2025-02-09 13:47:26 -0500
Processing by Rails::WelcomeController#index as */*
  Rendering /home/bert/.rbenv/versions/3.4.1/lib/ruby/gems/3.4.0/gems/railties-8.0.1/lib/rails/templates/rails/welcome/index.html.erb
  Rendered /home/bert/.rbenv/versions/3.4.1/lib/ruby/gems/3.4.0/gems/railties-8.0.1/lib/rails/templates/rails/welcome/index.html.erb (Duration: 0.9ms | GC: 0.0ms)
Completed 200 OK in 25ms (Views: 5.2ms | GC: 0.1ms)


Started GET "/" for 127.0.0.1 at 2025-02-09 13:47:26 -0500
Processing by Rails::WelcomeController#index as */*
  Rendering /home/bert/.rbenv/versions/3.4.1/lib/ruby/gems/3.4.0/gems/railties-8.0.1/lib/rails/templates/rails/welcome/index.html.erb
  Rendered /home/bert/.rbenv/versions/3.4.1/lib/ruby/gems/3.4.0/gems/railties-8.0.1/lib/rails/templates/rails/welcome/index.html.erb (Duration: 0.2ms | GC: 0.0ms)
Completed 200 OK in 1ms (Views: 0.8ms | GC: 0.0ms)


